{"C:\\Projects\\Classrooms\\src\\services\\parsers\\examParser.js": {"path":"C:\\Projects\\Classrooms\\src\\services\\parsers\\examParser.js","statementMap":{"0":{"start":{"line":12,"column":13},"end":{"line":134,"column":null}},"1":{"start":{"line":13,"column":2},"end":{"line":133,"column":null}},"2":{"start":{"line":14,"column":19},"end":{"line":14,"column":null}},"3":{"start":{"line":15,"column":16},"end":{"line":15,"column":null}},"4":{"start":{"line":17,"column":19},"end":{"line":17,"column":null}},"5":{"start":{"line":18,"column":20},"end":{"line":18,"column":null}},"6":{"start":{"line":19,"column":21},"end":{"line":22,"column":null}},"7":{"start":{"line":24,"column":4},"end":{"line":44,"column":null}},"8":{"start":{"line":25,"column":22},"end":{"line":25,"column":null}},"9":{"start":{"line":25,"column":79},"end":{"line":25,"column":102}},"10":{"start":{"line":27,"column":23},"end":{"line":27,"column":null}},"11":{"start":{"line":28,"column":6},"end":{"line":39,"column":null}},"12":{"start":{"line":29,"column":21},"end":{"line":29,"column":null}},"13":{"start":{"line":30,"column":8},"end":{"line":38,"column":null}},"14":{"start":{"line":30,"column":36},"end":{"line":30,"column":59}},"15":{"start":{"line":30,"column":59},"end":{"line":30,"column":73}},"16":{"start":{"line":31,"column":13},"end":{"line":38,"column":null}},"17":{"start":{"line":31,"column":42},"end":{"line":31,"column":65}},"18":{"start":{"line":31,"column":65},"end":{"line":31,"column":79}},"19":{"start":{"line":32,"column":13},"end":{"line":38,"column":null}},"20":{"start":{"line":32,"column":46},"end":{"line":32,"column":76}},"21":{"start":{"line":32,"column":76},"end":{"line":32,"column":90}},"22":{"start":{"line":33,"column":13},"end":{"line":38,"column":null}},"23":{"start":{"line":33,"column":108},"end":{"line":33,"column":138}},"24":{"start":{"line":33,"column":138},"end":{"line":33,"column":152}},"25":{"start":{"line":34,"column":13},"end":{"line":38,"column":null}},"26":{"start":{"line":34,"column":41},"end":{"line":34,"column":63}},"27":{"start":{"line":35,"column":13},"end":{"line":38,"column":null}},"28":{"start":{"line":35,"column":106},"end":{"line":35,"column":129}},"29":{"start":{"line":36,"column":13},"end":{"line":38,"column":null}},"30":{"start":{"line":36,"column":42},"end":{"line":36,"column":65}},"31":{"start":{"line":36,"column":65},"end":{"line":36,"column":79}},"32":{"start":{"line":37,"column":13},"end":{"line":38,"column":null}},"33":{"start":{"line":37,"column":42},"end":{"line":37,"column":66}},"34":{"start":{"line":38,"column":13},"end":{"line":38,"column":null}},"35":{"start":{"line":38,"column":43},"end":{"line":38,"column":70}},"36":{"start":{"line":41,"column":6},"end":{"line":43,"column":null}},"37":{"start":{"line":42,"column":8},"end":{"line":42,"column":null}},"38":{"start":{"line":46,"column":4},"end":{"line":112,"column":null}},"39":{"start":{"line":47,"column":19},"end":{"line":47,"column":null}},"40":{"start":{"line":48,"column":26},"end":{"line":48,"column":null}},"41":{"start":{"line":50,"column":6},"end":{"line":107,"column":null}},"42":{"start":{"line":51,"column":22},"end":{"line":51,"column":null}},"43":{"start":{"line":51,"column":73},"end":{"line":51,"column":96}},"44":{"start":{"line":52,"column":8},"end":{"line":52,"column":null}},"45":{"start":{"line":52,"column":32},"end":{"line":52,"column":null}},"46":{"start":{"line":54,"column":23},"end":{"line":54,"column":null}},"47":{"start":{"line":57,"column":8},"end":{"line":59,"column":null}},"48":{"start":{"line":58,"column":10},"end":{"line":58,"column":null}},"49":{"start":{"line":61,"column":25},"end":{"line":61,"column":null}},"50":{"start":{"line":62,"column":24},"end":{"line":62,"column":null}},"51":{"start":{"line":63,"column":24},"end":{"line":63,"column":null}},"52":{"start":{"line":64,"column":23},"end":{"line":64,"column":null}},"53":{"start":{"line":65,"column":24},"end":{"line":65,"column":null}},"54":{"start":{"line":66,"column":24},"end":{"line":66,"column":null}},"55":{"start":{"line":67,"column":25},"end":{"line":67,"column":null}},"56":{"start":{"line":68,"column":28},"end":{"line":68,"column":null}},"57":{"start":{"line":70,"column":8},"end":{"line":70,"column":null}},"58":{"start":{"line":70,"column":34},"end":{"line":70,"column":null}},"59":{"start":{"line":72,"column":25},"end":{"line":72,"column":null}},"60":{"start":{"line":73,"column":25},"end":{"line":73,"column":null}},"61":{"start":{"line":75,"column":8},"end":{"line":81,"column":null}},"62":{"start":{"line":76,"column":28},"end":{"line":76,"column":null}},"63":{"start":{"line":77,"column":10},"end":{"line":80,"column":null}},"64":{"start":{"line":78,"column":12},"end":{"line":78,"column":null}},"65":{"start":{"line":79,"column":12},"end":{"line":79,"column":null}},"66":{"start":{"line":83,"column":23},"end":{"line":83,"column":null}},"67":{"start":{"line":84,"column":8},"end":{"line":86,"column":null}},"68":{"start":{"line":85,"column":10},"end":{"line":85,"column":null}},"69":{"start":{"line":88,"column":23},"end":{"line":88,"column":null}},"70":{"start":{"line":89,"column":8},"end":{"line":96,"column":null}},"71":{"start":{"line":90,"column":24},"end":{"line":90,"column":null}},"72":{"start":{"line":91,"column":24},"end":{"line":91,"column":null}},"73":{"start":{"line":92,"column":24},"end":{"line":92,"column":null}},"74":{"start":{"line":93,"column":10},"end":{"line":95,"column":null}},"75":{"start":{"line":94,"column":12},"end":{"line":94,"column":null}},"76":{"start":{"line":98,"column":8},"end":{"line":106,"column":null}},"77":{"start":{"line":109,"column":6},"end":{"line":111,"column":null}},"78":{"start":{"line":110,"column":8},"end":{"line":110,"column":null}},"79":{"start":{"line":115,"column":18},"end":{"line":115,"column":null}},"80":{"start":{"line":116,"column":18},"end":{"line":116,"column":null}},"81":{"start":{"line":117,"column":19},"end":{"line":117,"column":null}},"82":{"start":{"line":119,"column":4},"end":{"line":126,"column":null}},"83":{"start":{"line":120,"column":19},"end":{"line":120,"column":null}},"84":{"start":{"line":121,"column":6},"end":{"line":125,"column":null}},"85":{"start":{"line":122,"column":8},"end":{"line":122,"column":null}},"86":{"start":{"line":123,"column":13},"end":{"line":125,"column":null}},"87":{"start":{"line":124,"column":8},"end":{"line":124,"column":null}},"88":{"start":{"line":128,"column":4},"end":{"line":128,"column":null}},"89":{"start":{"line":131,"column":4},"end":{"line":131,"column":null}},"90":{"start":{"line":132,"column":4},"end":{"line":132,"column":null}}},"fnMap":{"0":{"name":"(anonymous_0)","decl":{"start":{"line":12,"column":13},"end":{"line":12,"column":30}},"loc":{"start":{"line":12,"column":49},"end":{"line":134,"column":null}},"line":12},"1":{"name":"(anonymous_1)","decl":{"start":{"line":24,"column":11},"end":{"line":24,"column":19}},"loc":{"start":{"line":24,"column":28},"end":{"line":44,"column":5}},"line":24},"2":{"name":"(anonymous_2)","decl":{"start":{"line":25,"column":67},"end":{"line":25,"column":71}},"loc":{"start":{"line":25,"column":79},"end":{"line":25,"column":102}},"line":25},"3":{"name":"(anonymous_3)","decl":{"start":{"line":28,"column":14},"end":{"line":28,"column":23}},"loc":{"start":{"line":28,"column":39},"end":{"line":39,"column":7}},"line":28},"4":{"name":"(anonymous_4)","decl":{"start":{"line":50,"column":11},"end":{"line":50,"column":19}},"loc":{"start":{"line":50,"column":26},"end":{"line":107,"column":7}},"line":50},"5":{"name":"(anonymous_5)","decl":{"start":{"line":51,"column":61},"end":{"line":51,"column":65}},"loc":{"start":{"line":51,"column":73},"end":{"line":51,"column":96}},"line":51},"6":{"name":"(anonymous_6)","decl":{"start":{"line":57,"column":38},"end":{"line":57,"column":47}},"loc":{"start":{"line":57,"column":76},"end":{"line":59,"column":9}},"line":57},"7":{"name":"(anonymous_7)","decl":{"start":{"line":119,"column":10},"end":{"line":119,"column":18}},"loc":{"start":{"line":119,"column":23},"end":{"line":126,"column":5}},"line":119}},"branchMap":{"0":{"loc":{"start":{"line":30,"column":8},"end":{"line":38,"column":null}},"type":"if","locations":[{"start":{"line":30,"column":8},"end":{"line":38,"column":null}},{"start":{"line":31,"column":13},"end":{"line":38,"column":null}}],"line":30},"1":{"loc":{"start":{"line":31,"column":13},"end":{"line":38,"column":null}},"type":"if","locations":[{"start":{"line":31,"column":13},"end":{"line":38,"column":null}},{"start":{"line":32,"column":13},"end":{"line":38,"column":null}}],"line":31},"2":{"loc":{"start":{"line":32,"column":13},"end":{"line":38,"column":null}},"type":"if","locations":[{"start":{"line":32,"column":13},"end":{"line":38,"column":null}},{"start":{"line":33,"column":13},"end":{"line":38,"column":null}}],"line":32},"3":{"loc":{"start":{"line":33,"column":13},"end":{"line":38,"column":null}},"type":"if","locations":[{"start":{"line":33,"column":13},"end":{"line":38,"column":null}},{"start":{"line":34,"column":13},"end":{"line":38,"column":null}}],"line":33},"4":{"loc":{"start":{"line":33,"column":17},"end":{"line":33,"column":106}},"type":"binary-expr","locations":[{"start":{"line":33,"column":17},"end":{"line":33,"column":49}},{"start":{"line":33,"column":49},"end":{"line":33,"column":74}},{"start":{"line":33,"column":74},"end":{"line":33,"column":106}}],"line":33},"5":{"loc":{"start":{"line":34,"column":13},"end":{"line":38,"column":null}},"type":"if","locations":[{"start":{"line":34,"column":13},"end":{"line":38,"column":null}},{"start":{"line":35,"column":13},"end":{"line":38,"column":null}}],"line":34},"6":{"loc":{"start":{"line":35,"column":13},"end":{"line":38,"column":null}},"type":"if","locations":[{"start":{"line":35,"column":13},"end":{"line":38,"column":null}},{"start":{"line":36,"column":13},"end":{"line":38,"column":null}}],"line":35},"7":{"loc":{"start":{"line":35,"column":17},"end":{"line":35,"column":104}},"type":"binary-expr","locations":[{"start":{"line":35,"column":17},"end":{"line":35,"column":51}},{"start":{"line":35,"column":51},"end":{"line":35,"column":79}},{"start":{"line":35,"column":79},"end":{"line":35,"column":104}}],"line":35},"8":{"loc":{"start":{"line":36,"column":13},"end":{"line":38,"column":null}},"type":"if","locations":[{"start":{"line":36,"column":13},"end":{"line":38,"column":null}},{"start":{"line":37,"column":13},"end":{"line":38,"column":null}}],"line":36},"9":{"loc":{"start":{"line":37,"column":13},"end":{"line":38,"column":null}},"type":"if","locations":[{"start":{"line":37,"column":13},"end":{"line":38,"column":null}},{"start":{"line":38,"column":13},"end":{"line":38,"column":null}}],"line":37},"10":{"loc":{"start":{"line":38,"column":13},"end":{"line":38,"column":null}},"type":"if","locations":[{"start":{"line":38,"column":13},"end":{"line":38,"column":null}},{"start":{},"end":{}}],"line":38},"11":{"loc":{"start":{"line":41,"column":6},"end":{"line":43,"column":null}},"type":"if","locations":[{"start":{"line":41,"column":6},"end":{"line":43,"column":null}},{"start":{},"end":{}}],"line":41},"12":{"loc":{"start":{"line":46,"column":4},"end":{"line":112,"column":null}},"type":"if","locations":[{"start":{"line":46,"column":4},"end":{"line":112,"column":null}},{"start":{},"end":{}}],"line":46},"13":{"loc":{"start":{"line":52,"column":8},"end":{"line":52,"column":null}},"type":"if","locations":[{"start":{"line":52,"column":8},"end":{"line":52,"column":null}},{"start":{},"end":{}}],"line":52},"14":{"loc":{"start":{"line":54,"column":23},"end":{"line":54,"column":null}},"type":"cond-expr","locations":[{"start":{"line":54,"column":48},"end":{"line":54,"column":73}},{"start":{"line":54,"column":73},"end":{"line":54,"column":null}}],"line":54},"15":{"loc":{"start":{"line":61,"column":25},"end":{"line":61,"column":null}},"type":"cond-expr","locations":[{"start":{"line":61,"column":50},"end":{"line":61,"column":75}},{"start":{"line":61,"column":75},"end":{"line":61,"column":null}}],"line":61},"16":{"loc":{"start":{"line":62,"column":24},"end":{"line":62,"column":null}},"type":"cond-expr","locations":[{"start":{"line":62,"column":56},"end":{"line":62,"column":88}},{"start":{"line":62,"column":88},"end":{"line":62,"column":null}}],"line":62},"17":{"loc":{"start":{"line":63,"column":24},"end":{"line":63,"column":null}},"type":"cond-expr","locations":[{"start":{"line":63,"column":56},"end":{"line":63,"column":88}},{"start":{"line":63,"column":88},"end":{"line":63,"column":null}}],"line":63},"18":{"loc":{"start":{"line":64,"column":23},"end":{"line":64,"column":null}},"type":"cond-expr","locations":[{"start":{"line":64,"column":47},"end":{"line":64,"column":71}},{"start":{"line":64,"column":71},"end":{"line":64,"column":null}}],"line":64},"19":{"loc":{"start":{"line":65,"column":24},"end":{"line":65,"column":null}},"type":"cond-expr","locations":[{"start":{"line":65,"column":49},"end":{"line":65,"column":74}},{"start":{"line":65,"column":74},"end":{"line":65,"column":null}}],"line":65},"20":{"loc":{"start":{"line":66,"column":24},"end":{"line":66,"column":null}},"type":"cond-expr","locations":[{"start":{"line":66,"column":49},"end":{"line":66,"column":74}},{"start":{"line":66,"column":74},"end":{"line":66,"column":null}}],"line":66},"21":{"loc":{"start":{"line":67,"column":25},"end":{"line":67,"column":null}},"type":"cond-expr","locations":[{"start":{"line":67,"column":51},"end":{"line":67,"column":77}},{"start":{"line":67,"column":77},"end":{"line":67,"column":null}}],"line":67},"22":{"loc":{"start":{"line":68,"column":28},"end":{"line":68,"column":null}},"type":"cond-expr","locations":[{"start":{"line":68,"column":57},"end":{"line":68,"column":86}},{"start":{"line":68,"column":86},"end":{"line":68,"column":null}}],"line":68},"23":{"loc":{"start":{"line":70,"column":8},"end":{"line":70,"column":null}},"type":"if","locations":[{"start":{"line":70,"column":8},"end":{"line":70,"column":null}},{"start":{},"end":{}}],"line":70},"24":{"loc":{"start":{"line":70,"column":12},"end":{"line":70,"column":34}},"type":"binary-expr","locations":[{"start":{"line":70,"column":12},"end":{"line":70,"column":24}},{"start":{"line":70,"column":24},"end":{"line":70,"column":34}}],"line":70},"25":{"loc":{"start":{"line":72,"column":25},"end":{"line":72,"column":null}},"type":"binary-expr","locations":[{"start":{"line":72,"column":25},"end":{"line":72,"column":36}},{"start":{"line":72,"column":36},"end":{"line":72,"column":null}}],"line":72},"26":{"loc":{"start":{"line":73,"column":25},"end":{"line":73,"column":null}},"type":"binary-expr","locations":[{"start":{"line":73,"column":25},"end":{"line":73,"column":36}},{"start":{"line":73,"column":36},"end":{"line":73,"column":null}}],"line":73},"27":{"loc":{"start":{"line":75,"column":8},"end":{"line":81,"column":null}},"type":"if","locations":[{"start":{"line":75,"column":8},"end":{"line":81,"column":null}},{"start":{},"end":{}}],"line":75},"28":{"loc":{"start":{"line":75,"column":12},"end":{"line":75,"column":33}},"type":"binary-expr","locations":[{"start":{"line":75,"column":12},"end":{"line":75,"column":24}},{"start":{"line":75,"column":24},"end":{"line":75,"column":33}}],"line":75},"29":{"loc":{"start":{"line":77,"column":10},"end":{"line":80,"column":null}},"type":"if","locations":[{"start":{"line":77,"column":10},"end":{"line":80,"column":null}},{"start":{},"end":{}}],"line":77},"30":{"loc":{"start":{"line":84,"column":8},"end":{"line":86,"column":null}},"type":"if","locations":[{"start":{"line":84,"column":8},"end":{"line":86,"column":null}},{"start":{},"end":{}}],"line":84},"31":{"loc":{"start":{"line":84,"column":12},"end":{"line":84,"column":31}},"type":"binary-expr","locations":[{"start":{"line":84,"column":12},"end":{"line":84,"column":22}},{"start":{"line":84,"column":22},"end":{"line":84,"column":31}}],"line":84},"32":{"loc":{"start":{"line":85,"column":21},"end":{"line":85,"column":null}},"type":"cond-expr","locations":[{"start":{"line":85,"column":37},"end":{"line":85,"column":72}},{"start":{"line":85,"column":72},"end":{"line":85,"column":null}}],"line":85},"33":{"loc":{"start":{"line":89,"column":8},"end":{"line":96,"column":null}},"type":"if","locations":[{"start":{"line":89,"column":8},"end":{"line":96,"column":null}},{"start":{},"end":{}}],"line":89},"34":{"loc":{"start":{"line":89,"column":12},"end":{"line":89,"column":37}},"type":"binary-expr","locations":[{"start":{"line":89,"column":12},"end":{"line":89,"column":27}},{"start":{"line":89,"column":27},"end":{"line":89,"column":37}}],"line":89},"35":{"loc":{"start":{"line":90,"column":24},"end":{"line":90,"column":null}},"type":"cond-expr","locations":[{"start":{"line":90,"column":39},"end":{"line":90,"column":106}},{"start":{"line":90,"column":106},"end":{"line":90,"column":null}}],"line":90},"36":{"loc":{"start":{"line":90,"column":39},"end":{"line":90,"column":106}},"type":"cond-expr","locations":[{"start":{"line":90,"column":55},"end":{"line":90,"column":80}},{"start":{"line":90,"column":80},"end":{"line":90,"column":106}}],"line":90},"37":{"loc":{"start":{"line":91,"column":24},"end":{"line":91,"column":null}},"type":"cond-expr","locations":[{"start":{"line":91,"column":36},"end":{"line":91,"column":94}},{"start":{"line":91,"column":94},"end":{"line":91,"column":null}}],"line":91},"38":{"loc":{"start":{"line":91,"column":36},"end":{"line":91,"column":94}},"type":"cond-expr","locations":[{"start":{"line":91,"column":52},"end":{"line":91,"column":72}},{"start":{"line":91,"column":72},"end":{"line":91,"column":94}}],"line":91},"39":{"loc":{"start":{"line":93,"column":10},"end":{"line":95,"column":null}},"type":"if","locations":[{"start":{"line":93,"column":10},"end":{"line":95,"column":null}},{"start":{},"end":{}}],"line":93},"40":{"loc":{"start":{"line":109,"column":6},"end":{"line":111,"column":null}},"type":"if","locations":[{"start":{"line":109,"column":6},"end":{"line":111,"column":null}},{"start":{},"end":{}}],"line":109},"41":{"loc":{"start":{"line":120,"column":19},"end":{"line":120,"column":null}},"type":"binary-expr","locations":[{"start":{"line":120,"column":19},"end":{"line":120,"column":45}},{"start":{"line":120,"column":45},"end":{"line":120,"column":null}}],"line":120},"42":{"loc":{"start":{"line":121,"column":6},"end":{"line":125,"column":null}},"type":"if","locations":[{"start":{"line":121,"column":6},"end":{"line":125,"column":null}},{"start":{"line":123,"column":13},"end":{"line":125,"column":null}}],"line":121},"43":{"loc":{"start":{"line":123,"column":13},"end":{"line":125,"column":null}},"type":"if","locations":[{"start":{"line":123,"column":13},"end":{"line":125,"column":null}},{"start":{},"end":{}}],"line":123},"44":{"loc":{"start":{"line":123,"column":17},"end":{"line":123,"column":87}},"type":"binary-expr","locations":[{"start":{"line":123,"column":17},"end":{"line":123,"column":47}},{"start":{"line":123,"column":47},"end":{"line":123,"column":87}}],"line":123}},"s":{"0":1,"1":2,"2":2,"3":2,"4":2,"5":2,"6":2,"7":2,"8":1,"9":14,"10":1,"11":1,"12":14,"13":14,"14":1,"15":1,"16":13,"17":1,"18":1,"19":12,"20":1,"21":1,"22":11,"23":1,"24":1,"25":10,"26":1,"27":9,"28":1,"29":8,"30":1,"31":1,"32":7,"33":0,"34":7,"35":0,"36":1,"37":1,"38":2,"39":1,"40":1,"41":1,"42":1,"43":7,"44":1,"45":0,"46":1,"47":1,"48":0,"49":1,"50":1,"51":1,"52":1,"53":1,"54":1,"55":1,"56":1,"57":1,"58":0,"59":1,"60":1,"61":1,"62":0,"63":0,"64":0,"65":0,"66":1,"67":1,"68":1,"69":1,"70":1,"71":0,"72":0,"73":0,"74":0,"75":0,"76":1,"77":1,"78":1,"79":1,"80":1,"81":1,"82":1,"83":2,"84":2,"85":1,"86":1,"87":1,"88":1,"89":0,"90":0},"f":{"0":2,"1":1,"2":14,"3":14,"4":1,"5":7,"6":0,"7":2},"b":{"0":[1,13],"1":[1,12],"2":[1,11],"3":[1,10],"4":[11,10,0],"5":[1,9],"6":[1,8],"7":[9,8,0],"8":[1,7],"9":[0,7],"10":[0,7],"11":[1,0],"12":[1,1],"13":[0,1],"14":[1,0],"15":[1,0],"16":[1,0],"17":[1,0],"18":[1,0],"19":[1,0],"20":[1,0],"21":[0,1],"22":[0,1],"23":[0,1],"24":[1,0],"25":[1,0],"26":[1,0],"27":[0,1],"28":[1,0],"29":[0,0],"30":[1,0],"31":[1,1],"32":[0,1],"33":[0,1],"34":[1,1],"35":[0,0],"36":[0,0],"37":[0,0],"38":[0,0],"39":[0,0],"40":[1,0],"41":[2,0],"42":[1,1],"43":[1,0],"44":[1,0]},"meta":{"lastBranch":45,"lastFunction":8,"lastStatement":91,"seen":{"s:12:13:134:Infinity":0,"f:12:13:12:30":0,"s:13:2:133:Infinity":1,"s:14:19:14:Infinity":2,"s:15:16:15:Infinity":3,"s:17:19:17:Infinity":4,"s:18:20:18:Infinity":5,"s:19:21:22:Infinity":6,"s:24:4:44:Infinity":7,"f:24:11:24:19":1,"s:25:22:25:Infinity":8,"f:25:67:25:71":2,"s:25:79:25:102":9,"s:27:23:27:Infinity":10,"s:28:6:39:Infinity":11,"f:28:14:28:23":3,"s:29:21:29:Infinity":12,"b:30:8:38:Infinity:31:13:38:Infinity":0,"s:30:8:38:Infinity":13,"s:30:36:30:59":14,"s:30:59:30:73":15,"b:31:13:38:Infinity:32:13:38:Infinity":1,"s:31:13:38:Infinity":16,"s:31:42:31:65":17,"s:31:65:31:79":18,"b:32:13:38:Infinity:33:13:38:Infinity":2,"s:32:13:38:Infinity":19,"s:32:46:32:76":20,"s:32:76:32:90":21,"b:33:13:38:Infinity:34:13:38:Infinity":3,"s:33:13:38:Infinity":22,"b:33:17:33:49:33:49:33:74:33:74:33:106":4,"s:33:108:33:138":23,"s:33:138:33:152":24,"b:34:13:38:Infinity:35:13:38:Infinity":5,"s:34:13:38:Infinity":25,"s:34:41:34:63":26,"b:35:13:38:Infinity:36:13:38:Infinity":6,"s:35:13:38:Infinity":27,"b:35:17:35:51:35:51:35:79:35:79:35:104":7,"s:35:106:35:129":28,"b:36:13:38:Infinity:37:13:38:Infinity":8,"s:36:13:38:Infinity":29,"s:36:42:36:65":30,"s:36:65:36:79":31,"b:37:13:38:Infinity:38:13:38:Infinity":9,"s:37:13:38:Infinity":32,"s:37:42:37:66":33,"b:38:13:38:Infinity:undefined:undefined:undefined:undefined":10,"s:38:13:38:Infinity":34,"s:38:43:38:70":35,"b:41:6:43:Infinity:undefined:undefined:undefined:undefined":11,"s:41:6:43:Infinity":36,"s:42:8:42:Infinity":37,"b:46:4:112:Infinity:undefined:undefined:undefined:undefined":12,"s:46:4:112:Infinity":38,"s:47:19:47:Infinity":39,"s:48:26:48:Infinity":40,"s:50:6:107:Infinity":41,"f:50:11:50:19":4,"s:51:22:51:Infinity":42,"f:51:61:51:65":5,"s:51:73:51:96":43,"b:52:8:52:Infinity:undefined:undefined:undefined:undefined":13,"s:52:8:52:Infinity":44,"s:52:32:52:Infinity":45,"s:54:23:54:Infinity":46,"b:54:48:54:73:54:73:54:Infinity":14,"s:57:8:59:Infinity":47,"f:57:38:57:47":6,"s:58:10:58:Infinity":48,"s:61:25:61:Infinity":49,"b:61:50:61:75:61:75:61:Infinity":15,"s:62:24:62:Infinity":50,"b:62:56:62:88:62:88:62:Infinity":16,"s:63:24:63:Infinity":51,"b:63:56:63:88:63:88:63:Infinity":17,"s:64:23:64:Infinity":52,"b:64:47:64:71:64:71:64:Infinity":18,"s:65:24:65:Infinity":53,"b:65:49:65:74:65:74:65:Infinity":19,"s:66:24:66:Infinity":54,"b:66:49:66:74:66:74:66:Infinity":20,"s:67:25:67:Infinity":55,"b:67:51:67:77:67:77:67:Infinity":21,"s:68:28:68:Infinity":56,"b:68:57:68:86:68:86:68:Infinity":22,"b:70:8:70:Infinity:undefined:undefined:undefined:undefined":23,"s:70:8:70:Infinity":57,"b:70:12:70:24:70:24:70:34":24,"s:70:34:70:Infinity":58,"s:72:25:72:Infinity":59,"b:72:25:72:36:72:36:72:Infinity":25,"s:73:25:73:Infinity":60,"b:73:25:73:36:73:36:73:Infinity":26,"b:75:8:81:Infinity:undefined:undefined:undefined:undefined":27,"s:75:8:81:Infinity":61,"b:75:12:75:24:75:24:75:33":28,"s:76:28:76:Infinity":62,"b:77:10:80:Infinity:undefined:undefined:undefined:undefined":29,"s:77:10:80:Infinity":63,"s:78:12:78:Infinity":64,"s:79:12:79:Infinity":65,"s:83:23:83:Infinity":66,"b:84:8:86:Infinity:undefined:undefined:undefined:undefined":30,"s:84:8:86:Infinity":67,"b:84:12:84:22:84:22:84:31":31,"s:85:10:85:Infinity":68,"b:85:37:85:72:85:72:85:Infinity":32,"s:88:23:88:Infinity":69,"b:89:8:96:Infinity:undefined:undefined:undefined:undefined":33,"s:89:8:96:Infinity":70,"b:89:12:89:27:89:27:89:37":34,"s:90:24:90:Infinity":71,"b:90:39:90:106:90:106:90:Infinity":35,"b:90:55:90:80:90:80:90:106":36,"s:91:24:91:Infinity":72,"b:91:36:91:94:91:94:91:Infinity":37,"b:91:52:91:72:91:72:91:94":38,"s:92:24:92:Infinity":73,"b:93:10:95:Infinity:undefined:undefined:undefined:undefined":39,"s:93:10:95:Infinity":74,"s:94:12:94:Infinity":75,"s:98:8:106:Infinity":76,"b:109:6:111:Infinity:undefined:undefined:undefined:undefined":40,"s:109:6:111:Infinity":77,"s:110:8:110:Infinity":78,"s:115:18:115:Infinity":79,"s:116:18:116:Infinity":80,"s:117:19:117:Infinity":81,"s:119:4:126:Infinity":82,"f:119:10:119:18":7,"s:120:19:120:Infinity":83,"b:120:19:120:45:120:45:120:Infinity":41,"b:121:6:125:Infinity:123:13:125:Infinity":42,"s:121:6:125:Infinity":84,"s:122:8:122:Infinity":85,"b:123:13:125:Infinity:undefined:undefined:undefined:undefined":43,"s:123:13:125:Infinity":86,"b:123:17:123:47:123:47:123:87":44,"s:124:8:124:Infinity":87,"s:128:4:128:Infinity":88,"s:131:4:131:Infinity":89,"s:132:4:132:Infinity":90},"fnNames":{}}}
,"C:\\Projects\\Classrooms\\src\\utils\\result.js": {"path":"C:\\Projects\\Classrooms\\src\\utils\\result.js","statementMap":{"0":{"start":{"line":5,"column":22},"end":{"line":22,"column":null}},"1":{"start":{"line":11,"column":17},"end":{"line":11,"column":null}},"2":{"start":{"line":18,"column":20},"end":{"line":21,"column":null}},"3":{"start":{"line":26,"column":4},"end":{"line":26,"column":null}},"4":{"start":{"line":27,"column":4},"end":{"line":27,"column":null}},"5":{"start":{"line":28,"column":4},"end":{"line":28,"column":null}},"6":{"start":{"line":34,"column":4},"end":{"line":34,"column":null}},"7":{"start":{"line":35,"column":4},"end":{"line":35,"column":null}},"8":{"start":{"line":41,"column":4},"end":{"line":41,"column":null}},"9":{"start":{"line":42,"column":4},"end":{"line":42,"column":null}}},"fnMap":{"0":{"name":"(anonymous_0)","decl":{"start":{"line":11,"column":2},"end":{"line":11,"column":7}},"loc":{"start":{"line":11,"column":17},"end":{"line":11,"column":null}},"line":11},"1":{"name":"(anonymous_1)","decl":{"start":{"line":18,"column":2},"end":{"line":18,"column":9}},"loc":{"start":{"line":18,"column":20},"end":{"line":21,"column":null}},"line":18},"2":{"name":"constructor","decl":{"start":{"line":25,"column":2},"end":{"line":25,"column":14}},"loc":{"start":{"line":25,"column":37},"end":{"line":29,"column":null}},"line":25},"3":{"name":"constructor_2","decl":{"start":{"line":33,"column":2},"end":{"line":33,"column":14}},"loc":{"start":{"line":33,"column":23},"end":{"line":36,"column":null}},"line":33},"4":{"name":"constructor_3","decl":{"start":{"line":40,"column":2},"end":{"line":40,"column":14}},"loc":{"start":{"line":40,"column":53},"end":{"line":43,"column":null}},"line":40}},"branchMap":{"0":{"loc":{"start":{"line":20,"column":11},"end":{"line":20,"column":null}},"type":"cond-expr","locations":[{"start":{"line":20,"column":36},"end":{"line":20,"column":44}},{"start":{"line":20,"column":44},"end":{"line":20,"column":null}}],"line":20},"1":{"loc":{"start":{"line":25,"column":23},"end":{"line":25,"column":37}},"type":"default-arg","locations":[{"start":{"line":25,"column":32},"end":{"line":25,"column":37}}],"line":25},"2":{"loc":{"start":{"line":40,"column":14},"end":{"line":40,"column":53}},"type":"default-arg","locations":[{"start":{"line":40,"column":24},"end":{"line":40,"column":53}}],"line":40}},"s":{"0":2,"1":3,"2":2,"3":1,"4":1,"5":1,"6":1,"7":1,"8":1,"9":1},"f":{"0":3,"1":2,"2":1,"3":1,"4":1},"b":{"0":[1,1],"1":[1],"2":[1]},"meta":{"lastBranch":3,"lastFunction":5,"lastStatement":10,"seen":{"s:5:22:22:Infinity":0,"f:11:2:11:7":0,"s:11:17:11:Infinity":1,"f:18:2:18:9":1,"s:18:20:21:Infinity":2,"b:20:36:20:44:20:44:20:Infinity":0,"f:25:2:25:14":2,"b:25:32:25:37":1,"s:26:4:26:Infinity":3,"s:27:4:27:Infinity":4,"s:28:4:28:Infinity":5,"f:33:2:33:14":3,"s:34:4:34:Infinity":6,"s:35:4:35:Infinity":7,"f:40:2:40:14":4,"b:40:24:40:53":2,"s:41:4:41:Infinity":8,"s:42:4:42:Infinity":9},"fnNames":{}}}
,"C:\\Projects\\Classrooms\\src\\utils\\sanitize.js": {"path":"C:\\Projects\\Classrooms\\src\\utils\\sanitize.js","statementMap":{"0":{"start":{"line":10,"column":13},"end":{"line":16,"column":null}},"1":{"start":{"line":11,"column":2},"end":{"line":11,"column":null}},"2":{"start":{"line":11,"column":18},"end":{"line":11,"column":null}},"3":{"start":{"line":12,"column":2},"end":{"line":15,"column":null}},"4":{"start":{"line":25,"column":13},"end":{"line":35,"column":null}},"5":{"start":{"line":26,"column":2},"end":{"line":26,"column":null}},"6":{"start":{"line":26,"column":13},"end":{"line":26,"column":null}},"7":{"start":{"line":27,"column":14},"end":{"line":33,"column":null}},"8":{"start":{"line":34,"column":2},"end":{"line":34,"column":null}},"9":{"start":{"line":34,"column":56},"end":{"line":34,"column":71}}},"fnMap":{"0":{"name":"(anonymous_0)","decl":{"start":{"line":10,"column":13},"end":{"line":10,"column":29}},"loc":{"start":{"line":10,"column":43},"end":{"line":16,"column":null}},"line":10},"1":{"name":"(anonymous_1)","decl":{"start":{"line":25,"column":13},"end":{"line":25,"column":27}},"loc":{"start":{"line":25,"column":36},"end":{"line":35,"column":null}},"line":25},"2":{"name":"(anonymous_2)","decl":{"start":{"line":34,"column":42},"end":{"line":34,"column":51}},"loc":{"start":{"line":34,"column":54},"end":{"line":34,"column":72}},"line":34}},"branchMap":{"0":{"loc":{"start":{"line":11,"column":2},"end":{"line":11,"column":null}},"type":"if","locations":[{"start":{"line":11,"column":2},"end":{"line":11,"column":null}},{"start":{},"end":{}}],"line":11},"1":{"loc":{"start":{"line":26,"column":2},"end":{"line":26,"column":null}},"type":"if","locations":[{"start":{"line":26,"column":2},"end":{"line":26,"column":null}},{"start":{},"end":{}}],"line":26}},"s":{"0":1,"1":2,"2":0,"3":2,"4":1,"5":3,"6":2,"7":1,"8":1,"9":7},"f":{"0":2,"1":3,"2":7},"b":{"0":[0,2],"1":[2,1]},"meta":{"lastBranch":2,"lastFunction":3,"lastStatement":10,"seen":{"s:10:13:16:Infinity":0,"f:10:13:10:29":0,"b:11:2:11:Infinity:undefined:undefined:undefined:undefined":0,"s:11:2:11:Infinity":1,"s:11:18:11:Infinity":2,"s:12:2:15:Infinity":3,"s:25:13:35:Infinity":4,"f:25:13:25:27":1,"b:26:2:26:Infinity:undefined:undefined:undefined:undefined":1,"s:26:2:26:Infinity":5,"s:26:13:26:Infinity":6,"s:27:14:33:Infinity":7,"s:34:2:34:Infinity":8,"f:34:42:34:51":2,"s:34:56:34:71":9},"fnNames":{}}}
}
