{"C:\\Projects\\Classrooms\\src\\services\\parsers\\examParser.js": {"path":"C:\\Projects\\Classrooms\\src\\services\\parsers\\examParser.js","statementMap":{"0":{"start":{"line":11,"column":13},"end":{"line":132,"column":null}},"1":{"start":{"line":12,"column":2},"end":{"line":131,"column":null}},"2":{"start":{"line":13,"column":19},"end":{"line":13,"column":null}},"3":{"start":{"line":14,"column":16},"end":{"line":14,"column":null}},"4":{"start":{"line":16,"column":19},"end":{"line":16,"column":null}},"5":{"start":{"line":17,"column":20},"end":{"line":17,"column":null}},"6":{"start":{"line":18,"column":21},"end":{"line":21,"column":null}},"7":{"start":{"line":23,"column":4},"end":{"line":43,"column":null}},"8":{"start":{"line":24,"column":22},"end":{"line":24,"column":null}},"9":{"start":{"line":24,"column":79},"end":{"line":24,"column":102}},"10":{"start":{"line":26,"column":23},"end":{"line":26,"column":null}},"11":{"start":{"line":27,"column":6},"end":{"line":38,"column":null}},"12":{"start":{"line":28,"column":21},"end":{"line":28,"column":null}},"13":{"start":{"line":29,"column":8},"end":{"line":37,"column":null}},"14":{"start":{"line":29,"column":36},"end":{"line":29,"column":59}},"15":{"start":{"line":29,"column":59},"end":{"line":29,"column":73}},"16":{"start":{"line":30,"column":13},"end":{"line":37,"column":null}},"17":{"start":{"line":30,"column":42},"end":{"line":30,"column":65}},"18":{"start":{"line":30,"column":65},"end":{"line":30,"column":79}},"19":{"start":{"line":31,"column":13},"end":{"line":37,"column":null}},"20":{"start":{"line":31,"column":46},"end":{"line":31,"column":76}},"21":{"start":{"line":31,"column":76},"end":{"line":31,"column":90}},"22":{"start":{"line":32,"column":13},"end":{"line":37,"column":null}},"23":{"start":{"line":32,"column":108},"end":{"line":32,"column":138}},"24":{"start":{"line":32,"column":138},"end":{"line":32,"column":152}},"25":{"start":{"line":33,"column":13},"end":{"line":37,"column":null}},"26":{"start":{"line":33,"column":41},"end":{"line":33,"column":63}},"27":{"start":{"line":34,"column":13},"end":{"line":37,"column":null}},"28":{"start":{"line":34,"column":106},"end":{"line":34,"column":129}},"29":{"start":{"line":35,"column":13},"end":{"line":37,"column":null}},"30":{"start":{"line":35,"column":42},"end":{"line":35,"column":65}},"31":{"start":{"line":35,"column":65},"end":{"line":35,"column":79}},"32":{"start":{"line":36,"column":13},"end":{"line":37,"column":null}},"33":{"start":{"line":36,"column":42},"end":{"line":36,"column":66}},"34":{"start":{"line":37,"column":13},"end":{"line":37,"column":null}},"35":{"start":{"line":37,"column":43},"end":{"line":37,"column":70}},"36":{"start":{"line":40,"column":6},"end":{"line":42,"column":null}},"37":{"start":{"line":41,"column":8},"end":{"line":41,"column":null}},"38":{"start":{"line":45,"column":4},"end":{"line":111,"column":null}},"39":{"start":{"line":46,"column":19},"end":{"line":46,"column":null}},"40":{"start":{"line":47,"column":26},"end":{"line":47,"column":null}},"41":{"start":{"line":49,"column":6},"end":{"line":106,"column":null}},"42":{"start":{"line":50,"column":22},"end":{"line":50,"column":null}},"43":{"start":{"line":50,"column":73},"end":{"line":50,"column":96}},"44":{"start":{"line":51,"column":8},"end":{"line":51,"column":null}},"45":{"start":{"line":51,"column":32},"end":{"line":51,"column":null}},"46":{"start":{"line":53,"column":23},"end":{"line":53,"column":null}},"47":{"start":{"line":54,"column":8},"end":{"line":58,"column":null}},"48":{"start":{"line":55,"column":10},"end":{"line":55,"column":null}},"49":{"start":{"line":56,"column":15},"end":{"line":58,"column":null}},"50":{"start":{"line":57,"column":10},"end":{"line":57,"column":null}},"51":{"start":{"line":60,"column":25},"end":{"line":60,"column":null}},"52":{"start":{"line":61,"column":24},"end":{"line":61,"column":null}},"53":{"start":{"line":62,"column":24},"end":{"line":62,"column":null}},"54":{"start":{"line":63,"column":23},"end":{"line":63,"column":null}},"55":{"start":{"line":64,"column":24},"end":{"line":64,"column":null}},"56":{"start":{"line":65,"column":24},"end":{"line":65,"column":null}},"57":{"start":{"line":66,"column":25},"end":{"line":66,"column":null}},"58":{"start":{"line":67,"column":28},"end":{"line":67,"column":null}},"59":{"start":{"line":69,"column":8},"end":{"line":69,"column":null}},"60":{"start":{"line":69,"column":34},"end":{"line":69,"column":null}},"61":{"start":{"line":71,"column":25},"end":{"line":71,"column":null}},"62":{"start":{"line":72,"column":25},"end":{"line":72,"column":null}},"63":{"start":{"line":74,"column":8},"end":{"line":80,"column":null}},"64":{"start":{"line":75,"column":28},"end":{"line":75,"column":null}},"65":{"start":{"line":76,"column":10},"end":{"line":79,"column":null}},"66":{"start":{"line":77,"column":12},"end":{"line":77,"column":null}},"67":{"start":{"line":78,"column":12},"end":{"line":78,"column":null}},"68":{"start":{"line":82,"column":23},"end":{"line":82,"column":null}},"69":{"start":{"line":83,"column":8},"end":{"line":85,"column":null}},"70":{"start":{"line":84,"column":10},"end":{"line":84,"column":null}},"71":{"start":{"line":87,"column":23},"end":{"line":87,"column":null}},"72":{"start":{"line":88,"column":8},"end":{"line":95,"column":null}},"73":{"start":{"line":89,"column":24},"end":{"line":89,"column":null}},"74":{"start":{"line":90,"column":24},"end":{"line":90,"column":null}},"75":{"start":{"line":91,"column":24},"end":{"line":91,"column":null}},"76":{"start":{"line":92,"column":10},"end":{"line":94,"column":null}},"77":{"start":{"line":93,"column":12},"end":{"line":93,"column":null}},"78":{"start":{"line":97,"column":8},"end":{"line":105,"column":null}},"79":{"start":{"line":108,"column":6},"end":{"line":110,"column":null}},"80":{"start":{"line":109,"column":8},"end":{"line":109,"column":null}},"81":{"start":{"line":114,"column":18},"end":{"line":114,"column":null}},"82":{"start":{"line":115,"column":18},"end":{"line":115,"column":null}},"83":{"start":{"line":116,"column":19},"end":{"line":116,"column":null}},"84":{"start":{"line":118,"column":4},"end":{"line":125,"column":null}},"85":{"start":{"line":119,"column":19},"end":{"line":119,"column":null}},"86":{"start":{"line":120,"column":6},"end":{"line":124,"column":null}},"87":{"start":{"line":121,"column":8},"end":{"line":121,"column":null}},"88":{"start":{"line":122,"column":13},"end":{"line":124,"column":null}},"89":{"start":{"line":123,"column":8},"end":{"line":123,"column":null}},"90":{"start":{"line":127,"column":4},"end":{"line":127,"column":null}},"91":{"start":{"line":130,"column":4},"end":{"line":130,"column":null}}},"fnMap":{"0":{"name":"(anonymous_0)","decl":{"start":{"line":11,"column":13},"end":{"line":11,"column":30}},"loc":{"start":{"line":11,"column":49},"end":{"line":132,"column":null}},"line":11},"1":{"name":"(anonymous_1)","decl":{"start":{"line":23,"column":11},"end":{"line":23,"column":19}},"loc":{"start":{"line":23,"column":28},"end":{"line":43,"column":5}},"line":23},"2":{"name":"(anonymous_2)","decl":{"start":{"line":24,"column":67},"end":{"line":24,"column":71}},"loc":{"start":{"line":24,"column":79},"end":{"line":24,"column":102}},"line":24},"3":{"name":"(anonymous_3)","decl":{"start":{"line":27,"column":14},"end":{"line":27,"column":23}},"loc":{"start":{"line":27,"column":39},"end":{"line":38,"column":7}},"line":27},"4":{"name":"(anonymous_4)","decl":{"start":{"line":49,"column":11},"end":{"line":49,"column":19}},"loc":{"start":{"line":49,"column":26},"end":{"line":106,"column":7}},"line":49},"5":{"name":"(anonymous_5)","decl":{"start":{"line":50,"column":61},"end":{"line":50,"column":65}},"loc":{"start":{"line":50,"column":73},"end":{"line":50,"column":96}},"line":50},"6":{"name":"(anonymous_6)","decl":{"start":{"line":118,"column":10},"end":{"line":118,"column":18}},"loc":{"start":{"line":118,"column":23},"end":{"line":125,"column":5}},"line":118}},"branchMap":{"0":{"loc":{"start":{"line":29,"column":8},"end":{"line":37,"column":null}},"type":"if","locations":[{"start":{"line":29,"column":8},"end":{"line":37,"column":null}},{"start":{"line":30,"column":13},"end":{"line":37,"column":null}}],"line":29},"1":{"loc":{"start":{"line":30,"column":13},"end":{"line":37,"column":null}},"type":"if","locations":[{"start":{"line":30,"column":13},"end":{"line":37,"column":null}},{"start":{"line":31,"column":13},"end":{"line":37,"column":null}}],"line":30},"2":{"loc":{"start":{"line":31,"column":13},"end":{"line":37,"column":null}},"type":"if","locations":[{"start":{"line":31,"column":13},"end":{"line":37,"column":null}},{"start":{"line":32,"column":13},"end":{"line":37,"column":null}}],"line":31},"3":{"loc":{"start":{"line":32,"column":13},"end":{"line":37,"column":null}},"type":"if","locations":[{"start":{"line":32,"column":13},"end":{"line":37,"column":null}},{"start":{"line":33,"column":13},"end":{"line":37,"column":null}}],"line":32},"4":{"loc":{"start":{"line":32,"column":17},"end":{"line":32,"column":106}},"type":"binary-expr","locations":[{"start":{"line":32,"column":17},"end":{"line":32,"column":49}},{"start":{"line":32,"column":49},"end":{"line":32,"column":74}},{"start":{"line":32,"column":74},"end":{"line":32,"column":106}}],"line":32},"5":{"loc":{"start":{"line":33,"column":13},"end":{"line":37,"column":null}},"type":"if","locations":[{"start":{"line":33,"column":13},"end":{"line":37,"column":null}},{"start":{"line":34,"column":13},"end":{"line":37,"column":null}}],"line":33},"6":{"loc":{"start":{"line":34,"column":13},"end":{"line":37,"column":null}},"type":"if","locations":[{"start":{"line":34,"column":13},"end":{"line":37,"column":null}},{"start":{"line":35,"column":13},"end":{"line":37,"column":null}}],"line":34},"7":{"loc":{"start":{"line":34,"column":17},"end":{"line":34,"column":104}},"type":"binary-expr","locations":[{"start":{"line":34,"column":17},"end":{"line":34,"column":51}},{"start":{"line":34,"column":51},"end":{"line":34,"column":79}},{"start":{"line":34,"column":79},"end":{"line":34,"column":104}}],"line":34},"8":{"loc":{"start":{"line":35,"column":13},"end":{"line":37,"column":null}},"type":"if","locations":[{"start":{"line":35,"column":13},"end":{"line":37,"column":null}},{"start":{"line":36,"column":13},"end":{"line":37,"column":null}}],"line":35},"9":{"loc":{"start":{"line":36,"column":13},"end":{"line":37,"column":null}},"type":"if","locations":[{"start":{"line":36,"column":13},"end":{"line":37,"column":null}},{"start":{"line":37,"column":13},"end":{"line":37,"column":null}}],"line":36},"10":{"loc":{"start":{"line":37,"column":13},"end":{"line":37,"column":null}},"type":"if","locations":[{"start":{"line":37,"column":13},"end":{"line":37,"column":null}},{"start":{},"end":{}}],"line":37},"11":{"loc":{"start":{"line":40,"column":6},"end":{"line":42,"column":null}},"type":"if","locations":[{"start":{"line":40,"column":6},"end":{"line":42,"column":null}},{"start":{},"end":{}}],"line":40},"12":{"loc":{"start":{"line":45,"column":4},"end":{"line":111,"column":null}},"type":"if","locations":[{"start":{"line":45,"column":4},"end":{"line":111,"column":null}},{"start":{},"end":{}}],"line":45},"13":{"loc":{"start":{"line":51,"column":8},"end":{"line":51,"column":null}},"type":"if","locations":[{"start":{"line":51,"column":8},"end":{"line":51,"column":null}},{"start":{},"end":{}}],"line":51},"14":{"loc":{"start":{"line":53,"column":23},"end":{"line":53,"column":null}},"type":"cond-expr","locations":[{"start":{"line":53,"column":48},"end":{"line":53,"column":73}},{"start":{"line":53,"column":73},"end":{"line":53,"column":null}}],"line":53},"15":{"loc":{"start":{"line":54,"column":8},"end":{"line":58,"column":null}},"type":"if","locations":[{"start":{"line":54,"column":8},"end":{"line":58,"column":null}},{"start":{"line":56,"column":15},"end":{"line":58,"column":null}}],"line":54},"16":{"loc":{"start":{"line":56,"column":15},"end":{"line":58,"column":null}},"type":"if","locations":[{"start":{"line":56,"column":15},"end":{"line":58,"column":null}},{"start":{},"end":{}}],"line":56},"17":{"loc":{"start":{"line":60,"column":25},"end":{"line":60,"column":null}},"type":"cond-expr","locations":[{"start":{"line":60,"column":50},"end":{"line":60,"column":75}},{"start":{"line":60,"column":75},"end":{"line":60,"column":null}}],"line":60},"18":{"loc":{"start":{"line":61,"column":24},"end":{"line":61,"column":null}},"type":"cond-expr","locations":[{"start":{"line":61,"column":56},"end":{"line":61,"column":88}},{"start":{"line":61,"column":88},"end":{"line":61,"column":null}}],"line":61},"19":{"loc":{"start":{"line":62,"column":24},"end":{"line":62,"column":null}},"type":"cond-expr","locations":[{"start":{"line":62,"column":56},"end":{"line":62,"column":88}},{"start":{"line":62,"column":88},"end":{"line":62,"column":null}}],"line":62},"20":{"loc":{"start":{"line":63,"column":23},"end":{"line":63,"column":null}},"type":"cond-expr","locations":[{"start":{"line":63,"column":47},"end":{"line":63,"column":71}},{"start":{"line":63,"column":71},"end":{"line":63,"column":null}}],"line":63},"21":{"loc":{"start":{"line":64,"column":24},"end":{"line":64,"column":null}},"type":"cond-expr","locations":[{"start":{"line":64,"column":49},"end":{"line":64,"column":74}},{"start":{"line":64,"column":74},"end":{"line":64,"column":null}}],"line":64},"22":{"loc":{"start":{"line":65,"column":24},"end":{"line":65,"column":null}},"type":"cond-expr","locations":[{"start":{"line":65,"column":49},"end":{"line":65,"column":74}},{"start":{"line":65,"column":74},"end":{"line":65,"column":null}}],"line":65},"23":{"loc":{"start":{"line":66,"column":25},"end":{"line":66,"column":null}},"type":"cond-expr","locations":[{"start":{"line":66,"column":51},"end":{"line":66,"column":77}},{"start":{"line":66,"column":77},"end":{"line":66,"column":null}}],"line":66},"24":{"loc":{"start":{"line":67,"column":28},"end":{"line":67,"column":null}},"type":"cond-expr","locations":[{"start":{"line":67,"column":57},"end":{"line":67,"column":86}},{"start":{"line":67,"column":86},"end":{"line":67,"column":null}}],"line":67},"25":{"loc":{"start":{"line":69,"column":8},"end":{"line":69,"column":null}},"type":"if","locations":[{"start":{"line":69,"column":8},"end":{"line":69,"column":null}},{"start":{},"end":{}}],"line":69},"26":{"loc":{"start":{"line":69,"column":12},"end":{"line":69,"column":34}},"type":"binary-expr","locations":[{"start":{"line":69,"column":12},"end":{"line":69,"column":24}},{"start":{"line":69,"column":24},"end":{"line":69,"column":34}}],"line":69},"27":{"loc":{"start":{"line":71,"column":25},"end":{"line":71,"column":null}},"type":"binary-expr","locations":[{"start":{"line":71,"column":25},"end":{"line":71,"column":36}},{"start":{"line":71,"column":36},"end":{"line":71,"column":null}}],"line":71},"28":{"loc":{"start":{"line":72,"column":25},"end":{"line":72,"column":null}},"type":"binary-expr","locations":[{"start":{"line":72,"column":25},"end":{"line":72,"column":36}},{"start":{"line":72,"column":36},"end":{"line":72,"column":null}}],"line":72},"29":{"loc":{"start":{"line":74,"column":8},"end":{"line":80,"column":null}},"type":"if","locations":[{"start":{"line":74,"column":8},"end":{"line":80,"column":null}},{"start":{},"end":{}}],"line":74},"30":{"loc":{"start":{"line":74,"column":12},"end":{"line":74,"column":33}},"type":"binary-expr","locations":[{"start":{"line":74,"column":12},"end":{"line":74,"column":24}},{"start":{"line":74,"column":24},"end":{"line":74,"column":33}}],"line":74},"31":{"loc":{"start":{"line":76,"column":10},"end":{"line":79,"column":null}},"type":"if","locations":[{"start":{"line":76,"column":10},"end":{"line":79,"column":null}},{"start":{},"end":{}}],"line":76},"32":{"loc":{"start":{"line":83,"column":8},"end":{"line":85,"column":null}},"type":"if","locations":[{"start":{"line":83,"column":8},"end":{"line":85,"column":null}},{"start":{},"end":{}}],"line":83},"33":{"loc":{"start":{"line":83,"column":12},"end":{"line":83,"column":31}},"type":"binary-expr","locations":[{"start":{"line":83,"column":12},"end":{"line":83,"column":22}},{"start":{"line":83,"column":22},"end":{"line":83,"column":31}}],"line":83},"34":{"loc":{"start":{"line":84,"column":21},"end":{"line":84,"column":null}},"type":"cond-expr","locations":[{"start":{"line":84,"column":37},"end":{"line":84,"column":72}},{"start":{"line":84,"column":72},"end":{"line":84,"column":null}}],"line":84},"35":{"loc":{"start":{"line":88,"column":8},"end":{"line":95,"column":null}},"type":"if","locations":[{"start":{"line":88,"column":8},"end":{"line":95,"column":null}},{"start":{},"end":{}}],"line":88},"36":{"loc":{"start":{"line":88,"column":12},"end":{"line":88,"column":37}},"type":"binary-expr","locations":[{"start":{"line":88,"column":12},"end":{"line":88,"column":27}},{"start":{"line":88,"column":27},"end":{"line":88,"column":37}}],"line":88},"37":{"loc":{"start":{"line":89,"column":24},"end":{"line":89,"column":null}},"type":"cond-expr","locations":[{"start":{"line":89,"column":39},"end":{"line":89,"column":106}},{"start":{"line":89,"column":106},"end":{"line":89,"column":null}}],"line":89},"38":{"loc":{"start":{"line":89,"column":39},"end":{"line":89,"column":106}},"type":"cond-expr","locations":[{"start":{"line":89,"column":55},"end":{"line":89,"column":80}},{"start":{"line":89,"column":80},"end":{"line":89,"column":106}}],"line":89},"39":{"loc":{"start":{"line":90,"column":24},"end":{"line":90,"column":null}},"type":"cond-expr","locations":[{"start":{"line":90,"column":36},"end":{"line":90,"column":94}},{"start":{"line":90,"column":94},"end":{"line":90,"column":null}}],"line":90},"40":{"loc":{"start":{"line":90,"column":36},"end":{"line":90,"column":94}},"type":"cond-expr","locations":[{"start":{"line":90,"column":52},"end":{"line":90,"column":72}},{"start":{"line":90,"column":72},"end":{"line":90,"column":94}}],"line":90},"41":{"loc":{"start":{"line":92,"column":10},"end":{"line":94,"column":null}},"type":"if","locations":[{"start":{"line":92,"column":10},"end":{"line":94,"column":null}},{"start":{},"end":{}}],"line":92},"42":{"loc":{"start":{"line":108,"column":6},"end":{"line":110,"column":null}},"type":"if","locations":[{"start":{"line":108,"column":6},"end":{"line":110,"column":null}},{"start":{},"end":{}}],"line":108},"43":{"loc":{"start":{"line":119,"column":19},"end":{"line":119,"column":null}},"type":"binary-expr","locations":[{"start":{"line":119,"column":19},"end":{"line":119,"column":45}},{"start":{"line":119,"column":45},"end":{"line":119,"column":null}}],"line":119},"44":{"loc":{"start":{"line":120,"column":6},"end":{"line":124,"column":null}},"type":"if","locations":[{"start":{"line":120,"column":6},"end":{"line":124,"column":null}},{"start":{"line":122,"column":13},"end":{"line":124,"column":null}}],"line":120},"45":{"loc":{"start":{"line":122,"column":13},"end":{"line":124,"column":null}},"type":"if","locations":[{"start":{"line":122,"column":13},"end":{"line":124,"column":null}},{"start":{},"end":{}}],"line":122},"46":{"loc":{"start":{"line":122,"column":17},"end":{"line":122,"column":87}},"type":"binary-expr","locations":[{"start":{"line":122,"column":17},"end":{"line":122,"column":47}},{"start":{"line":122,"column":47},"end":{"line":122,"column":87}}],"line":122}},"s":{"0":1,"1":2,"2":2,"3":2,"4":2,"5":2,"6":2,"7":2,"8":1,"9":14,"10":1,"11":1,"12":14,"13":14,"14":1,"15":1,"16":13,"17":1,"18":1,"19":12,"20":1,"21":1,"22":11,"23":1,"24":1,"25":10,"26":1,"27":9,"28":1,"29":8,"30":1,"31":1,"32":7,"33":0,"34":7,"35":0,"36":1,"37":1,"38":2,"39":1,"40":1,"41":1,"42":1,"43":7,"44":1,"45":0,"46":1,"47":1,"48":0,"49":1,"50":0,"51":1,"52":1,"53":1,"54":1,"55":1,"56":1,"57":1,"58":1,"59":1,"60":0,"61":1,"62":1,"63":1,"64":0,"65":0,"66":0,"67":0,"68":1,"69":1,"70":1,"71":1,"72":1,"73":0,"74":0,"75":0,"76":0,"77":0,"78":1,"79":1,"80":1,"81":1,"82":1,"83":1,"84":1,"85":2,"86":2,"87":1,"88":1,"89":1,"90":1,"91":0},"f":{"0":2,"1":1,"2":14,"3":14,"4":1,"5":7,"6":2},"b":{"0":[1,13],"1":[1,12],"2":[1,11],"3":[1,10],"4":[11,10,0],"5":[1,9],"6":[1,8],"7":[9,8,0],"8":[1,7],"9":[0,7],"10":[0,7],"11":[1,0],"12":[1,1],"13":[0,1],"14":[1,0],"15":[0,1],"16":[0,1],"17":[1,0],"18":[1,0],"19":[1,0],"20":[1,0],"21":[1,0],"22":[1,0],"23":[0,1],"24":[0,1],"25":[0,1],"26":[1,0],"27":[1,0],"28":[1,0],"29":[0,1],"30":[1,0],"31":[0,0],"32":[1,0],"33":[1,1],"34":[0,1],"35":[0,1],"36":[1,1],"37":[0,0],"38":[0,0],"39":[0,0],"40":[0,0],"41":[0,0],"42":[1,0],"43":[2,0],"44":[1,1],"45":[1,0],"46":[1,0]},"meta":{"lastBranch":47,"lastFunction":7,"lastStatement":92,"seen":{"s:11:13:132:Infinity":0,"f:11:13:11:30":0,"s:12:2:131:Infinity":1,"s:13:19:13:Infinity":2,"s:14:16:14:Infinity":3,"s:16:19:16:Infinity":4,"s:17:20:17:Infinity":5,"s:18:21:21:Infinity":6,"s:23:4:43:Infinity":7,"f:23:11:23:19":1,"s:24:22:24:Infinity":8,"f:24:67:24:71":2,"s:24:79:24:102":9,"s:26:23:26:Infinity":10,"s:27:6:38:Infinity":11,"f:27:14:27:23":3,"s:28:21:28:Infinity":12,"b:29:8:37:Infinity:30:13:37:Infinity":0,"s:29:8:37:Infinity":13,"s:29:36:29:59":14,"s:29:59:29:73":15,"b:30:13:37:Infinity:31:13:37:Infinity":1,"s:30:13:37:Infinity":16,"s:30:42:30:65":17,"s:30:65:30:79":18,"b:31:13:37:Infinity:32:13:37:Infinity":2,"s:31:13:37:Infinity":19,"s:31:46:31:76":20,"s:31:76:31:90":21,"b:32:13:37:Infinity:33:13:37:Infinity":3,"s:32:13:37:Infinity":22,"b:32:17:32:49:32:49:32:74:32:74:32:106":4,"s:32:108:32:138":23,"s:32:138:32:152":24,"b:33:13:37:Infinity:34:13:37:Infinity":5,"s:33:13:37:Infinity":25,"s:33:41:33:63":26,"b:34:13:37:Infinity:35:13:37:Infinity":6,"s:34:13:37:Infinity":27,"b:34:17:34:51:34:51:34:79:34:79:34:104":7,"s:34:106:34:129":28,"b:35:13:37:Infinity:36:13:37:Infinity":8,"s:35:13:37:Infinity":29,"s:35:42:35:65":30,"s:35:65:35:79":31,"b:36:13:37:Infinity:37:13:37:Infinity":9,"s:36:13:37:Infinity":32,"s:36:42:36:66":33,"b:37:13:37:Infinity:undefined:undefined:undefined:undefined":10,"s:37:13:37:Infinity":34,"s:37:43:37:70":35,"b:40:6:42:Infinity:undefined:undefined:undefined:undefined":11,"s:40:6:42:Infinity":36,"s:41:8:41:Infinity":37,"b:45:4:111:Infinity:undefined:undefined:undefined:undefined":12,"s:45:4:111:Infinity":38,"s:46:19:46:Infinity":39,"s:47:26:47:Infinity":40,"s:49:6:106:Infinity":41,"f:49:11:49:19":4,"s:50:22:50:Infinity":42,"f:50:61:50:65":5,"s:50:73:50:96":43,"b:51:8:51:Infinity:undefined:undefined:undefined:undefined":13,"s:51:8:51:Infinity":44,"s:51:32:51:Infinity":45,"s:53:23:53:Infinity":46,"b:53:48:53:73:53:73:53:Infinity":14,"b:54:8:58:Infinity:56:15:58:Infinity":15,"s:54:8:58:Infinity":47,"s:55:10:55:Infinity":48,"b:56:15:58:Infinity:undefined:undefined:undefined:undefined":16,"s:56:15:58:Infinity":49,"s:57:10:57:Infinity":50,"s:60:25:60:Infinity":51,"b:60:50:60:75:60:75:60:Infinity":17,"s:61:24:61:Infinity":52,"b:61:56:61:88:61:88:61:Infinity":18,"s:62:24:62:Infinity":53,"b:62:56:62:88:62:88:62:Infinity":19,"s:63:23:63:Infinity":54,"b:63:47:63:71:63:71:63:Infinity":20,"s:64:24:64:Infinity":55,"b:64:49:64:74:64:74:64:Infinity":21,"s:65:24:65:Infinity":56,"b:65:49:65:74:65:74:65:Infinity":22,"s:66:25:66:Infinity":57,"b:66:51:66:77:66:77:66:Infinity":23,"s:67:28:67:Infinity":58,"b:67:57:67:86:67:86:67:Infinity":24,"b:69:8:69:Infinity:undefined:undefined:undefined:undefined":25,"s:69:8:69:Infinity":59,"b:69:12:69:24:69:24:69:34":26,"s:69:34:69:Infinity":60,"s:71:25:71:Infinity":61,"b:71:25:71:36:71:36:71:Infinity":27,"s:72:25:72:Infinity":62,"b:72:25:72:36:72:36:72:Infinity":28,"b:74:8:80:Infinity:undefined:undefined:undefined:undefined":29,"s:74:8:80:Infinity":63,"b:74:12:74:24:74:24:74:33":30,"s:75:28:75:Infinity":64,"b:76:10:79:Infinity:undefined:undefined:undefined:undefined":31,"s:76:10:79:Infinity":65,"s:77:12:77:Infinity":66,"s:78:12:78:Infinity":67,"s:82:23:82:Infinity":68,"b:83:8:85:Infinity:undefined:undefined:undefined:undefined":32,"s:83:8:85:Infinity":69,"b:83:12:83:22:83:22:83:31":33,"s:84:10:84:Infinity":70,"b:84:37:84:72:84:72:84:Infinity":34,"s:87:23:87:Infinity":71,"b:88:8:95:Infinity:undefined:undefined:undefined:undefined":35,"s:88:8:95:Infinity":72,"b:88:12:88:27:88:27:88:37":36,"s:89:24:89:Infinity":73,"b:89:39:89:106:89:106:89:Infinity":37,"b:89:55:89:80:89:80:89:106":38,"s:90:24:90:Infinity":74,"b:90:36:90:94:90:94:90:Infinity":39,"b:90:52:90:72:90:72:90:94":40,"s:91:24:91:Infinity":75,"b:92:10:94:Infinity:undefined:undefined:undefined:undefined":41,"s:92:10:94:Infinity":76,"s:93:12:93:Infinity":77,"s:97:8:105:Infinity":78,"b:108:6:110:Infinity:undefined:undefined:undefined:undefined":42,"s:108:6:110:Infinity":79,"s:109:8:109:Infinity":80,"s:114:18:114:Infinity":81,"s:115:18:115:Infinity":82,"s:116:19:116:Infinity":83,"s:118:4:125:Infinity":84,"f:118:10:118:18":6,"s:119:19:119:Infinity":85,"b:119:19:119:45:119:45:119:Infinity":43,"b:120:6:124:Infinity:122:13:124:Infinity":44,"s:120:6:124:Infinity":86,"s:121:8:121:Infinity":87,"b:122:13:124:Infinity:undefined:undefined:undefined:undefined":45,"s:122:13:124:Infinity":88,"b:122:17:122:47:122:47:122:87":46,"s:123:8:123:Infinity":89,"s:127:4:127:Infinity":90,"s:130:4:130:Infinity":91},"fnNames":{}}}
,"C:\\Projects\\Classrooms\\src\\utils\\result.js": {"path":"C:\\Projects\\Classrooms\\src\\utils\\result.js","statementMap":{"0":{"start":{"line":5,"column":22},"end":{"line":22,"column":null}},"1":{"start":{"line":11,"column":17},"end":{"line":11,"column":null}},"2":{"start":{"line":18,"column":20},"end":{"line":21,"column":null}},"3":{"start":{"line":26,"column":4},"end":{"line":26,"column":null}},"4":{"start":{"line":27,"column":4},"end":{"line":27,"column":null}},"5":{"start":{"line":28,"column":4},"end":{"line":28,"column":null}},"6":{"start":{"line":34,"column":4},"end":{"line":34,"column":null}},"7":{"start":{"line":35,"column":4},"end":{"line":35,"column":null}},"8":{"start":{"line":41,"column":4},"end":{"line":41,"column":null}},"9":{"start":{"line":42,"column":4},"end":{"line":42,"column":null}}},"fnMap":{"0":{"name":"(anonymous_0)","decl":{"start":{"line":11,"column":2},"end":{"line":11,"column":7}},"loc":{"start":{"line":11,"column":17},"end":{"line":11,"column":null}},"line":11},"1":{"name":"(anonymous_1)","decl":{"start":{"line":18,"column":2},"end":{"line":18,"column":9}},"loc":{"start":{"line":18,"column":20},"end":{"line":21,"column":null}},"line":18},"2":{"name":"constructor","decl":{"start":{"line":25,"column":2},"end":{"line":25,"column":14}},"loc":{"start":{"line":25,"column":37},"end":{"line":29,"column":null}},"line":25},"3":{"name":"constructor_2","decl":{"start":{"line":33,"column":2},"end":{"line":33,"column":14}},"loc":{"start":{"line":33,"column":23},"end":{"line":36,"column":null}},"line":33},"4":{"name":"constructor_3","decl":{"start":{"line":40,"column":2},"end":{"line":40,"column":14}},"loc":{"start":{"line":40,"column":53},"end":{"line":43,"column":null}},"line":40}},"branchMap":{"0":{"loc":{"start":{"line":20,"column":11},"end":{"line":20,"column":null}},"type":"cond-expr","locations":[{"start":{"line":20,"column":36},"end":{"line":20,"column":44}},{"start":{"line":20,"column":44},"end":{"line":20,"column":null}}],"line":20},"1":{"loc":{"start":{"line":25,"column":23},"end":{"line":25,"column":37}},"type":"default-arg","locations":[{"start":{"line":25,"column":32},"end":{"line":25,"column":37}}],"line":25},"2":{"loc":{"start":{"line":40,"column":14},"end":{"line":40,"column":53}},"type":"default-arg","locations":[{"start":{"line":40,"column":24},"end":{"line":40,"column":53}}],"line":40}},"s":{"0":2,"1":3,"2":2,"3":1,"4":1,"5":1,"6":1,"7":1,"8":1,"9":1},"f":{"0":3,"1":2,"2":1,"3":1,"4":1},"b":{"0":[1,1],"1":[1],"2":[1]},"meta":{"lastBranch":3,"lastFunction":5,"lastStatement":10,"seen":{"s:5:22:22:Infinity":0,"f:11:2:11:7":0,"s:11:17:11:Infinity":1,"f:18:2:18:9":1,"s:18:20:21:Infinity":2,"b:20:36:20:44:20:44:20:Infinity":0,"f:25:2:25:14":2,"b:25:32:25:37":1,"s:26:4:26:Infinity":3,"s:27:4:27:Infinity":4,"s:28:4:28:Infinity":5,"f:33:2:33:14":3,"s:34:4:34:Infinity":6,"s:35:4:35:Infinity":7,"f:40:2:40:14":4,"b:40:24:40:53":2,"s:41:4:41:Infinity":8,"s:42:4:42:Infinity":9},"fnNames":{}}}
,"C:\\Projects\\Classrooms\\src\\utils\\sanitize.js": {"path":"C:\\Projects\\Classrooms\\src\\utils\\sanitize.js","statementMap":{"0":{"start":{"line":10,"column":13},"end":{"line":16,"column":null}},"1":{"start":{"line":11,"column":2},"end":{"line":11,"column":null}},"2":{"start":{"line":11,"column":18},"end":{"line":11,"column":null}},"3":{"start":{"line":12,"column":2},"end":{"line":15,"column":null}},"4":{"start":{"line":25,"column":13},"end":{"line":35,"column":null}},"5":{"start":{"line":26,"column":2},"end":{"line":26,"column":null}},"6":{"start":{"line":26,"column":13},"end":{"line":26,"column":null}},"7":{"start":{"line":27,"column":14},"end":{"line":33,"column":null}},"8":{"start":{"line":34,"column":2},"end":{"line":34,"column":null}},"9":{"start":{"line":34,"column":56},"end":{"line":34,"column":71}}},"fnMap":{"0":{"name":"(anonymous_0)","decl":{"start":{"line":10,"column":13},"end":{"line":10,"column":29}},"loc":{"start":{"line":10,"column":43},"end":{"line":16,"column":null}},"line":10},"1":{"name":"(anonymous_1)","decl":{"start":{"line":25,"column":13},"end":{"line":25,"column":27}},"loc":{"start":{"line":25,"column":36},"end":{"line":35,"column":null}},"line":25},"2":{"name":"(anonymous_2)","decl":{"start":{"line":34,"column":42},"end":{"line":34,"column":51}},"loc":{"start":{"line":34,"column":54},"end":{"line":34,"column":72}},"line":34}},"branchMap":{"0":{"loc":{"start":{"line":11,"column":2},"end":{"line":11,"column":null}},"type":"if","locations":[{"start":{"line":11,"column":2},"end":{"line":11,"column":null}},{"start":{},"end":{}}],"line":11},"1":{"loc":{"start":{"line":26,"column":2},"end":{"line":26,"column":null}},"type":"if","locations":[{"start":{"line":26,"column":2},"end":{"line":26,"column":null}},{"start":{},"end":{}}],"line":26}},"s":{"0":1,"1":2,"2":0,"3":2,"4":1,"5":3,"6":2,"7":1,"8":1,"9":7},"f":{"0":2,"1":3,"2":7},"b":{"0":[0,2],"1":[2,1]},"meta":{"lastBranch":2,"lastFunction":3,"lastStatement":10,"seen":{"s:10:13:16:Infinity":0,"f:10:13:10:29":0,"b:11:2:11:Infinity:undefined:undefined:undefined:undefined":0,"s:11:2:11:Infinity":1,"s:11:18:11:Infinity":2,"s:12:2:15:Infinity":3,"s:25:13:35:Infinity":4,"f:25:13:25:27":1,"b:26:2:26:Infinity:undefined:undefined:undefined:undefined":1,"s:26:2:26:Infinity":5,"s:26:13:26:Infinity":6,"s:27:14:33:Infinity":7,"s:34:2:34:Infinity":8,"f:34:42:34:51":2,"s:34:56:34:71":9},"fnNames":{}}}
}
